{
    "FunctionName": "hello-cli",
    "FunctionArn": "arn:aws:lambda:us-east-1:748054292735:function:hello-cli",
    "Runtime": "nodejs12.x",
    "Role": "arn:aws:iam::748054292735:role/lambda-exemplo",
    "Handler": "index.handler",
    "CodeSize": 327,
    "Description": "",
    "Timeout": 3,
    "MemorySize": 128,
    "LastModified": "2022-03-23T20:02:42.982+0000",
    "CodeSha256": "JaNxGov/eFOKPlnXKuFoK8qMnatgi9XSXbJlVgTw4dg=",
    "Version": "$LATEST",
    "TracingConfig": {
        "Mode": "PassThrough"
    },
    "RevisionId": "a9e0a467-0823-4fee-9f93-b125286f61bc",
    "State": "Pending",
    "StateReason": "The function is being created.",
    "StateReasonCode": "Creating",
    "PackageType": "Zip",
    "Architectures": [
        "x86_64"
    ]
}
